{"numTotalTestSuites":2,"numPassedTestSuites":2,"numFailedTestSuites":0,"numPendingTestSuites":0,"numTotalTests":12,"numPassedTests":12,"numFailedTests":0,"numPendingTests":0,"numTodoTests":0,"snapshot":{"added":0,"failure":false,"filesAdded":0,"filesRemoved":0,"filesRemovedList":[],"filesUnmatched":0,"filesUpdated":0,"matched":0,"total":0,"unchecked":0,"uncheckedKeysByFile":[],"unmatched":0,"updated":0,"didUpdate":false},"startTime":1787259040819,"success":true,"testResults":[{"assertionResults":[{"ancestorTitles":["community features"],"fullName":"community features exposes the public forum page","status":"passed","title":"exposes the public forum page","duration":9.327200000000062,"failureMessages":[],"meta":{},"tags":[]},{"ancestorTitles":["community features"],"fullName":"community features supports a public login flow for community members","status":"passed","title":"supports a public login flow for community members","duration":2.567800000000034,"failureMessages":[],"meta":{},"tags":[]},{"ancestorTitles":["community features"],"fullName":"community features supports a public registration flow for forum users","status":"passed","title":"supports a public registration flow for forum users","duration":1.9619000000000142,"failureMessages":[],"meta":{},"tags":[]},{"ancestorTitles":["community features"],"fullName":"community features supports email verification before login","status":"passed","title":"supports email verification before login","duration":1.8007000000000062,"failureMessages":[],"meta":{},"tags":[]},{"ancestorTitles":["community features"],"fullName":"community features includes a public Ask question composer with LaTeX guidance","status":"passed","title":"includes a public Ask question composer with LaTeX guidance","duration":2.8159999999999172,"failureMessages":[],"meta":{},"tags":[]},{"ancestorTitles":["community features"],"fullName":"community features supports image attachments in the question composer","status":"passed","title":"supports image attachments in the question composer","duration":2.1603999999999814,"failureMessages":[],"meta":{},"tags":[]},{"ancestorTitles":["community features"],"fullName":"community features connects forum navigation to real filtering behavior","status":"passed","title":"connects forum navigation to real filtering behavior","duration":2.269900000000007,"failureMessages":[],"meta":{},"tags":[]},{"ancestorTitles":["community features"],"fullName":"community features does not ship placeholder forum topic data","status":"passed","title":"does not ship placeholder forum topic data","duration":2.4978999999999587,"failureMessages":[],"meta":{},"tags":[]},{"ancestorTitles":["community features"],"fullName":"community features allows an author to edit an existing question","status":"passed","title":"allows an author to edit an existing question","duration":5.908900000000017,"failureMessages":[],"meta":{},"tags":[]},{"ancestorTitles":["community features"],"fullName":"community features allows an author to delete an existing question","status":"passed","title":"allows an author to delete an existing question","duration":4.486300000000028,"failureMessages":[],"meta":{},"tags":[]},{"ancestorTitles":["community features"],"fullName":"community features allows an author to edit or delete an answer","status":"passed","title":"allows an author to edit or delete an answer","duration":2.774699999999939,"failureMessages":[],"meta":{},"tags":[]},{"ancestorTitles":["community features"],"fullName":"community features exposes the subscriber API endpoint","status":"passed","title":"exposes the subscriber API endpoint","duration":1.9350000000000591,"failureMessages":[],"meta":{},"tags":[]}],"startTime":1787259042267,"endTime":1787259042309.935,"status":"passed","message":"","name":"C:/Users/DELL/OneDrive - BIZAO/Documents/New project/idriss-portfolio/tests/community-features.test.ts"}]}